#
# There is insufficient memory for the Java Runtime Environment to continue.
# Native memory allocation (mmap) failed to map 335544320 bytes for G1 virtual space
# Possible reasons:
#   The system is out of physical RAM or swap space
#   The process is running with CompressedOops enabled, and the Java Heap may be blocking the growth of the native heap
# Possible solutions:
#   Reduce memory load on the system
#   Increase physical memory or swap space
#   Check if swap backing store is full
#   Decrease Java heap size (-Xmx/-Xms)
#   Decrease number of Java threads
#   Decrease Java thread stack sizes (-Xss)
#   Set larger code cache with -XX:ReservedCodeCacheSize=
#   JVM is running with Zero Based Compressed Oops mode in which the Java heap is
#     placed in the first 32GB address space. The Java Heap base address is the
#     maximum limit for the native heap growth. Please use -XX:HeapBaseMinAddress
#     to set the Java Heap base and to place the Java Heap above 32GB virtual address.
# This output file may be truncated or incomplete.
#
#  Out of Memory Error (os_windows.cpp:3769), pid=1560, tid=15860
#
# JRE version:  (17.0.6) (build )
# Java VM: OpenJDK 64-Bit Server VM (17.0.6+0-b2043.56-10027231, mixed mode, sharing, tiered, compressed oops, compressed class ptrs, g1 gc, windows-amd64)
# No core dump will be written. Minidumps are not enabled by default on client versions of Windows
#

---------------  S U M M A R Y ------------

Command Line: git4idea.http.GitAskPassApp Username for 'https://github.com': 

Host: Intel(R) Core(TM) i7-8550U CPU @ 1.80GHz, 8 cores, 19G,  Windows 11 , 64 bit Build 22621 (10.0.22621.2070)
Time: Mon Sep 11 15:14:28 2023 South Africa Standard Time elapsed time: 0.010953 seconds (0d 0h 0m 0s)

---------------  T H R E A D  ---------------

Current thread (0x000001fa4661b120):  JavaThread "Unknown thread" [_thread_in_vm, id=15860, stack(0x000000be81900000,0x000000be81a00000)]

Stack: [0x000000be81900000,0x000000be81a00000]
Native frames: (J=compiled Java code, j=interpreted, Vv=VM code, C=native code)
V  [jvm.dll+0x683c9a]
V  [jvm.dll+0x8427a4]
V  [jvm.dll+0x843f9e]
V  [jvm.dll+0x844603]
V  [jvm.dll+0x249b75]
V  [jvm.dll+0x680b69]
V  [jvm.dll+0x67505a]
V  [jvm.dll+0x309acb]
V  [jvm.dll+0x310f86]
V  [jvm.dll+0x3608ee]
V  [jvm.dll+0x360b1f]
V  [jvm.dll+0x2dfbf8]
V  [jvm.dll+0x2e0b64]
V  [jvm.dll+0x814091]
V  [jvm.dll+0x36e6a1]
V  [jvm.dll+0x7f35cc]
V  [jvm.dll+0x3f0e8f]
V  [jvm.dll+0x3f29d1]
C  [jli.dll+0x526b]
C  [ucrtbase.dll+0x29363]
C  [KERNEL32.DLL+0x126ad]
C  [ntdll.dll+0x5aa68]


---------------  P R O C E S S  ---------------

Threads class SMR info:
_java_thread_list=0x00007ff98bb2c058, length=0, elements={
}

Java Threads: ( => current thread )

Other Threads:
  0x000001fa46693990 GCTaskThread "GC Thread#0" [stack: 0x000000be81a00000,0x000000be81b00000] [id=12548]
  0x000001fa4669e820 ConcurrentGCThread "G1 Main Marker" [stack: 0x000000be81b00000,0x000000be81c00000] [id=13708]
  0x000001fa466a03a0 ConcurrentGCThread "G1 Conc#0" [stack: 0x000000be81c00000,0x000000be81d00000] [id=14936]

[error occurred during error reporting (printing all threads), id 0xc0000005, EXCEPTION_ACCESS_VIOLATION (0xc0000005) at pc=0x00007ff98b2e0797]

VM state: not at safepoint (not fully initialized)

VM Mutex/Monitor currently owned by a thread:  ([mutex/lock_event])
[0x000001fa46615ae0] Heap_lock - owner thread: 0x000001fa4661b120

Heap address: 0x00000006c1400000, size: 5100 MB, Compressed Oops mode: Zero based, Oop shift amount: 3

CDS archive(s) mapped at: [0x0000000000000000-0x0000000000000000-0x0000000000000000), size 0, SharedBaseAddress: 0x0000000800000000, ArchiveRelocationMode: 0.
Narrow klass base: 0x0000000000000000, Narrow klass shift: 0, Narrow klass range: 0x0

GC Precious Log:
<Empty>

Heap:
 garbage-first heap   total 0K, used 0K [0x00000006c1400000, 0x0000000800000000)
  region size 4096K, 0 young (0K), 0 survivors (0K)

[error occurred during error reporting (printing heap information), id 0xc0000005, EXCEPTION_ACCESS_VIOLATION (0xc0000005) at pc=0x00007ff98b6cda89]

GC Heap History (0 events):
No events

Dll operation events (1 events):
Event: 0.006 Loaded shared library C:\Program Files\Android\Android Studio\jbr\bin\java.dll

Deoptimization events (0 events):
No events

Classes unloaded (0 events):
No events

Classes redefined (0 events):
No events

Internal exceptions (0 events):
No events

VM Operations (0 events):
No events

Events (0 events):
No events


Dynamic libraries:
0x00007ff654140000 - 0x00007ff65414a000 	C:\Program Files\Android\Android Studio\jbr\bin\java.exe
0x00007ff9f0070000 - 0x00007ff9f0284000 	C:\WINDOWS\SYSTEM32\ntdll.dll
0x00007ff9eff40000 - 0x00007ff9f0004000 	C:\WINDOWS\System32\KERNEL32.DLL
0x00007ff9ed7d0000 - 0x00007ff9edb74000 	C:\WINDOWS\System32\KERNELBASE.dll
0x00007ff9ed510000 - 0x00007ff9ed621000 	C:\WINDOWS\System32\ucrtbase.dll
0x00007ff9dc1c0000 - 0x00007ff9dc1d7000 	C:\Program Files\Android\Android Studio\jbr\bin\jli.dll
0x00007ff9cc920000 - 0x00007ff9cc93b000 	C:\Program Files\Android\Android Studio\jbr\bin\VCRUNTIME140.dll
0x00007ff9ef500000 - 0x00007ff9ef6aa000 	C:\WINDOWS\System32\USER32.dll
0x00007ff9d51b0000 - 0x00007ff9d543f000 	C:\WINDOWS\WinSxS\amd64_microsoft.windows.common-controls_6595b64144ccf1df_6.0.22621.2070_none_2713e6537381f706\COMCTL32.dll
0x00007ff9ed7a0000 - 0x00007ff9ed7c6000 	C:\WINDOWS\System32\win32u.dll
0x00007ff9efe10000 - 0x00007ff9efeb7000 	C:\WINDOWS\System32\msvcrt.dll
0x00007ff9ee960000 - 0x00007ff9ee989000 	C:\WINDOWS\System32\GDI32.dll
0x00007ff9edd10000 - 0x00007ff9ede29000 	C:\WINDOWS\System32\gdi32full.dll
0x00007ff9edc00000 - 0x00007ff9edc9a000 	C:\WINDOWS\System32\msvcp_win.dll
0x00007ff9eeda0000 - 0x00007ff9eedd1000 	C:\WINDOWS\System32\IMM32.DLL
0x00007ff9e8530000 - 0x00007ff9e853c000 	C:\Program Files\Android\Android Studio\jbr\bin\vcruntime140_1.dll
0x00007ff9c5f70000 - 0x00007ff9c5ffd000 	C:\Program Files\Android\Android Studio\jbr\bin\msvcp140.dll
0x00007ff98aff0000 - 0x00007ff98bc5e000 	C:\Program Files\Android\Android Studio\jbr\bin\server\jvm.dll
0x00007ff9efbf0000 - 0x00007ff9efca0000 	C:\WINDOWS\System32\ADVAPI32.dll
0x00007ff9eede0000 - 0x00007ff9eee86000 	C:\WINDOWS\System32\sechost.dll
0x00007ff9efcf0000 - 0x00007ff9efe07000 	C:\WINDOWS\System32\RPCRT4.dll
0x00007ff9ca170000 - 0x00007ff9ca179000 	C:\WINDOWS\SYSTEM32\WSOCK32.dll
0x00007ff9e5000000 - 0x00007ff9e5034000 	C:\WINDOWS\SYSTEM32\WINMM.dll
0x00007ff9e4f40000 - 0x00007ff9e4f4a000 	C:\WINDOWS\SYSTEM32\VERSION.dll
0x00007ff9efec0000 - 0x00007ff9eff31000 	C:\WINDOWS\System32\WS2_32.dll
0x00007ff9ec530000 - 0x00007ff9ec548000 	C:\WINDOWS\SYSTEM32\kernel.appcore.dll
0x00007ff9e6900000 - 0x00007ff9e690a000 	C:\Program Files\Android\Android Studio\jbr\bin\jimage.dll
0x00007ff9eaf30000 - 0x00007ff9eb15e000 	C:\WINDOWS\SYSTEM32\DBGHELP.DLL
0x00007ff9ef740000 - 0x00007ff9efaca000 	C:\WINDOWS\System32\combase.dll
0x00007ff9eee90000 - 0x00007ff9eef67000 	C:\WINDOWS\System32\OLEAUT32.dll
0x00007ff9d7380000 - 0x00007ff9d73b2000 	C:\WINDOWS\SYSTEM32\dbgcore.DLL
0x00007ff9edb80000 - 0x00007ff9edbfa000 	C:\WINDOWS\System32\bcryptPrimitives.dll
0x00007ff9dc190000 - 0x00007ff9dc1b5000 	C:\Program Files\Android\Android Studio\jbr\bin\java.dll

dbghelp: loaded successfully - version: 4.0.5 - missing functions: none
symbol engine: initialized successfully - sym options: 0x614 - pdb path: .;C:\Program Files\Android\Android Studio\jbr\bin;C:\WINDOWS\SYSTEM32;C:\WINDOWS\WinSxS\amd64_microsoft.windows.common-controls_6595b64144ccf1df_6.0.22621.2070_none_2713e6537381f706;C:\Program Files\Android\Android Studio\jbr\bin\server

VM Arguments:
java_command: git4idea.http.GitAskPassApp Username for 'https://github.com': 
java_class_path (initial): C:/Program Files/Android/Android Studio/plugins/vcs-git/lib/git4idea-rt.jar;C:/Program Files/Android/Android Studio/lib/externalProcess-rt.jar;C:/Program Files/Android/Android Studio/lib/app.jar;C:/Program Files/Android/Android Studio/lib/3rd-party-rt.jar
Launcher Type: SUN_STANDARD

[Global flags]
     intx CICompilerCount                          = 4                                         {product} {ergonomic}
     uint ConcGCThreads                            = 2                                         {product} {ergonomic}
     uint G1ConcRefinementThreads                  = 8                                         {product} {ergonomic}
   size_t G1HeapRegionSize                         = 4194304                                   {product} {ergonomic}
    uintx GCDrainStackTargetSize                   = 64                                        {product} {ergonomic}
   size_t InitialHeapSize                          = 335544320                                 {product} {ergonomic}
   size_t MarkStackSize                            = 4194304                                   {product} {ergonomic}
   size_t MaxHeapSize                              = 5347737600                                {product} {ergonomic}
   size_t MinHeapDeltaBytes                        = 4194304                                   {product} {ergonomic}
   size_t MinHeapSize                              = 8388608                                   {product} {ergonomic}
    uintx NonNMethodCodeHeapSize                   = 5839372                                {pd product} {ergonomic}
    uintx NonProfiledCodeHeapSize                  = 122909434                              {pd product} {ergonomic}
    uintx ProfiledCodeHeapSize                     = 122909434                              {pd product} {ergonomic}
    uintx ReservedCodeCacheSize                    = 251658240                              {pd product} {ergonomic}
     bool SegmentedCodeCache                       = true                                      {product} {ergonomic}
   size_t SoftMaxHeapSize                          = 5347737600                             {manageable} {ergonomic}
     bool UseCompressedClassPointers               = true                           {product lp64_product} {ergonomic}
     bool UseCompressedOops                        = true                           {product lp64_product} {ergonomic}
     bool UseG1GC                                  = true                                      {product} {ergonomic}
     bool UseLargePagesIndividualAllocation        = false                                  {pd product} {ergonomic}

Logging:
Log output configuration:
 #0: stdout all=warning uptime,level,tags
 #1: stderr all=off uptime,level,tags

Environment Variables:
JAVA_HOME=C:\Program Files\Java\jdk-17
PATH=C:/Program Files/Git/mingw64/libexec/git-core;C:/Program Files/Git/mingw64/libexec/git-core;C:\Program Files\Git\mingw64\bin;C:\Program Files\Git\usr\bin;C:\Users\andri\bin;C:\Python311\Scripts\;C:\Python311\;C:\Program Files\Common Files\Oracle\Java\javapath;C:\Program Files (x86)\Common Files\Oracle\Java\javapath;C:\Windows\system32;C:\Windows;C:\Windows\System32\Wbem;C:\Windows\System32\WindowsPowerShell\v1.0\;C:\Windows\System32\OpenSSH\;C:\Program Files (x86)\NVIDIA Corporation\PhysX\Common;C:\Program Files\NVIDIA Corporation\NVIDIA NvDLISR;C:\WINDOWS\system32;C:\WINDOWS;C:\WINDOWS\System32\Wbem;C:\WINDOWS\System32\WindowsPowerShell\v1.0\;C:\WINDOWS\System32\OpenSSH\;C:\Program Files\Git\cmd;C:\Program Files\nodejs\;C:\ProgramData\chocolatey\bin;C:\Users\andri\AppData\Local\Microsoft\WindowsApps;C:\Users\andri\AppData\Local\GitHubDesktop\bin;C:\Users\andri\AppData\Roaming\npm;C:\Users\andri\AppData\Local\Programs\Microsoft VS Code\bin
USERNAME=andri
DISPLAY=:0.0
LC_ALL=en_US.UTF-8
TERM=xterm-256color
TMPDIR=C:\Users\andri\AppData\Local\Temp
OS=Windows_NT
PROCESSOR_IDENTIFIER=Intel64 Family 6 Model 142 Stepping 10, GenuineIntel
TMP=C:\Users\andri\AppData\Local\Temp
TEMP=C:\Users\andri\AppData\Local\Temp


JNI global refs:

[error occurred during error reporting (JNI global references), id 0xc0000005, EXCEPTION_ACCESS_VIOLATION (0xc0000005) at pc=0x00007ff98b0a7a10]


---------------  S Y S T E M  ---------------

OS:
 Windows 11 , 64 bit Build 22621 (10.0.22621.2070)
OS uptime: 2 days 6:08 hours

CPU: total 8 (initial active 8) (4 cores per cpu, 2 threads per core) family 6 model 142 stepping 10 microcode 0xea, cx8, cmov, fxsr, ht, mmx, 3dnowpref, sse, sse2, sse3, ssse3, sse4.1, sse4.2, popcnt, lzcnt, tsc, tscinvbit, avx, avx2, aes, erms, clmul, bmi1, bmi2, adx, fma, vzeroupper, clflush, clflushopt

Memory: 4k page, system-wide physical 20389M (2703M free)
TotalPageFile size 22332M (AvailPageFile size 198M)
current process WorkingSet (physical memory assigned to process): 11M, peak: 11M
current process commit charge ("private bytes"): 60M, peak: 380M

vm_info: OpenJDK 64-Bit Server VM (17.0.6+0-b2043.56-10027231) for windows-amd64 JRE (17.0.6+0-b2043.56-10027231), built on Apr 28 2023 00:43:19 by "androidbuild" with MS VC++ 16.10 / 16.11 (VS2019)

END.
